/*C1*/SET SCHEMA SYSTEM_LOBS
INSERT INTO BLOCKS VALUES(0,2147483647,0)
COMMIT
/*C3*/SET SCHEMA PUBLIC
CREATE TABLE Person(id bigint GENERATED BY DEFAULT AS IDENTITY, name varchar(20), yob integer)
/*C2*/SET SCHEMA PUBLIC
INSERT INTO PERSON VALUES(1,'Artur',1)
COMMIT
/*C3*/DISCONNECT
/*C4*/SET SCHEMA PUBLIC
DISCONNECT
/*C9*/SET SCHEMA PUBLIC
DISCONNECT
/*C8*/SET SCHEMA PUBLIC
DISCONNECT
/*C7*/SET SCHEMA PUBLIC
DISCONNECT
/*C6*/SET SCHEMA PUBLIC
DISCONNECT
/*C10*/SET SCHEMA PUBLIC
DISCONNECT
/*C5*/SET SCHEMA PUBLIC
DISCONNECT
/*C11*/SET SCHEMA PUBLIC
DISCONNECT
/*C13*/SET SCHEMA PUBLIC
CREATE TABLE Car(id bigint GENERATED BY DEFAULT AS IDENTITY, make varchar(20), model varchar(20), yop integer, ownerId integer)
INSERT INTO CAR VALUES(0,NULL,'fajny',0,0)
COMMIT
/*C14*/SET SCHEMA PUBLIC
INSERT INTO CAR VALUES(0,NULL,'fajny',0,0)
COMMIT
DISCONNECT
/*C13*/DISCONNECT
/*C12*/SET SCHEMA PUBLIC
DISCONNECT
/*C16*/SET SCHEMA PUBLIC
INSERT INTO CAR VALUES(0,NULL,'fajny',0,0)
COMMIT
/*C17*/SET SCHEMA PUBLIC
INSERT INTO CAR VALUES(0,NULL,'fajny',0,0)
COMMIT
/*C18*/SET SCHEMA PUBLIC
INSERT INTO CAR VALUES(0,NULL,'fajny',0,0)
COMMIT
/*C20*/SET SCHEMA PUBLIC
INSERT INTO CAR VALUES(0,NULL,'fajny',0,0)
COMMIT
/*C22*/SET SCHEMA PUBLIC
INSERT INTO CAR VALUES(0,NULL,'fajny',0,0)
COMMIT
/*C24*/SET SCHEMA PUBLIC
INSERT INTO CAR VALUES(0,NULL,'fajny',0,0)
COMMIT
/*C25*/SET SCHEMA PUBLIC
INSERT INTO CAR VALUES(0,NULL,'fajny',0,0)
COMMIT
/*C27*/SET SCHEMA PUBLIC
INSERT INTO CAR VALUES(0,NULL,'fajny',0,0)
COMMIT
/*C29*/SET SCHEMA PUBLIC
INSERT INTO CAR VALUES(0,NULL,'fajny',0,0)
COMMIT
/*C31*/SET SCHEMA PUBLIC
INSERT INTO CAR VALUES(0,NULL,'fajny',0,0)
COMMIT
/*C32*/SET SCHEMA PUBLIC
INSERT INTO CAR VALUES(0,NULL,'fajny',0,0)
COMMIT
/*C17*/DISCONNECT
/*C32*/DISCONNECT
/*C31*/DISCONNECT
/*C30*/SET SCHEMA PUBLIC
DISCONNECT
/*C29*/DISCONNECT
/*C28*/SET SCHEMA PUBLIC
DISCONNECT
/*C27*/DISCONNECT
/*C26*/SET SCHEMA PUBLIC
DISCONNECT
/*C25*/DISCONNECT
/*C24*/DISCONNECT
/*C23*/SET SCHEMA PUBLIC
DISCONNECT
/*C22*/DISCONNECT
/*C21*/SET SCHEMA PUBLIC
DISCONNECT
/*C20*/DISCONNECT
/*C19*/SET SCHEMA PUBLIC
DISCONNECT
/*C18*/DISCONNECT
/*C16*/DISCONNECT
/*C15*/SET SCHEMA PUBLIC
DISCONNECT
/*C34*/SET SCHEMA PUBLIC
INSERT INTO CAR VALUES(0,NULL,'fajny',0,0)
COMMIT
/*C36*/SET SCHEMA PUBLIC
INSERT INTO CAR VALUES(0,NULL,'fajny',0,0)
COMMIT
/*C37*/SET SCHEMA PUBLIC
INSERT INTO CAR VALUES(0,NULL,'fajny',0,0)
COMMIT
/*C39*/SET SCHEMA PUBLIC
INSERT INTO CAR VALUES(0,NULL,'fajny',0,0)
COMMIT
/*C40*/SET SCHEMA PUBLIC
INSERT INTO CAR VALUES(0,NULL,'fajny',0,0)
COMMIT
/*C42*/SET SCHEMA PUBLIC
INSERT INTO CAR VALUES(0,NULL,'fajny',0,0)
COMMIT
/*C44*/SET SCHEMA PUBLIC
INSERT INTO CAR VALUES(0,NULL,'fajny',0,0)
COMMIT
/*C46*/SET SCHEMA PUBLIC
INSERT INTO CAR VALUES(0,NULL,'fajny',0,0)
COMMIT
/*C47*/SET SCHEMA PUBLIC
INSERT INTO CAR VALUES(0,NULL,'fajny',0,0)
COMMIT
/*C49*/SET SCHEMA PUBLIC
INSERT INTO CAR VALUES(0,NULL,'fajny',0,0)
COMMIT
/*C2*/DROP TABLE CAR\u000a
DROP TABLE PERSON\u000a
/*C36*/DISCONNECT
/*C49*/DISCONNECT
/*C48*/SET SCHEMA PUBLIC
DISCONNECT
/*C47*/DISCONNECT
/*C46*/DISCONNECT
/*C45*/SET SCHEMA PUBLIC
DISCONNECT
/*C44*/DISCONNECT
/*C43*/SET SCHEMA PUBLIC
DISCONNECT
/*C42*/DISCONNECT
/*C41*/SET SCHEMA PUBLIC
DISCONNECT
/*C40*/DISCONNECT
/*C39*/DISCONNECT
/*C38*/SET SCHEMA PUBLIC
DISCONNECT
/*C37*/DISCONNECT
/*C35*/SET SCHEMA PUBLIC
DISCONNECT
/*C34*/DISCONNECT
/*C33*/SET SCHEMA PUBLIC
DISCONNECT
/*C50*/SET SCHEMA PUBLIC
CREATE TABLE Pacjent(id bigint GENERATED BY DEFAULT AS IDENTITY, imie varchar(255), nazwisko varchar(255),nzoz varchar(255))
/*C51*/SET SCHEMA PUBLIC
DISCONNECT
/*C50*/DISCONNECT
/*C56*/SET SCHEMA PUBLIC
DISCONNECT
/*C55*/SET SCHEMA PUBLIC
DISCONNECT
/*C54*/SET SCHEMA PUBLIC
DISCONNECT
/*C53*/SET SCHEMA PUBLIC
DISCONNECT
/*C52*/SET SCHEMA PUBLIC
DISCONNECT
/*C57*/SET SCHEMA PUBLIC
DISCONNECT
/*C59*/SET SCHEMA PUBLIC
DISCONNECT
/*C58*/SET SCHEMA PUBLIC
DISCONNECT
/*C60*/SET SCHEMA PUBLIC
DISCONNECT
/*C63*/SET SCHEMA PUBLIC
CREATE TABLE Leki(id bigint GENERATED BY DEFAULT AS IDENTITY, producent varchar(255), nazwa varchar(255),cena_hurtowa REAL,pacjentId bigint)
/*C61*/SET SCHEMA PUBLIC
DISCONNECT
/*C65*/SET SCHEMA PUBLIC
DISCONNECT
/*C64*/SET SCHEMA PUBLIC
DISCONNECT
/*C63*/DISCONNECT
/*C62*/SET SCHEMA PUBLIC
DISCONNECT
/*C2*/INSERT INTO LEKI VALUES(0,'Polofarm','Apap',10.2E0,1)
COMMIT
INSERT INTO LEKI VALUES(1,'Polofarm','Apap',10.2E0,1)
COMMIT
/*C66*/SET SCHEMA PUBLIC
DISCONNECT
/*C67*/SET SCHEMA PUBLIC
DISCONNECT
/*C69*/SET SCHEMA PUBLIC
DISCONNECT
/*C73*/SET SCHEMA PUBLIC
DISCONNECT
/*C72*/SET SCHEMA PUBLIC
DISCONNECT
/*C71*/SET SCHEMA PUBLIC
DISCONNECT
/*C70*/SET SCHEMA PUBLIC
DISCONNECT
/*C68*/SET SCHEMA PUBLIC
DISCONNECT
/*C74*/SET SCHEMA PUBLIC
DISCONNECT
/*C75*/SET SCHEMA PUBLIC
DISCONNECT
/*C76*/SET SCHEMA PUBLIC
DISCONNECT
/*C83*/SET SCHEMA PUBLIC
DISCONNECT
/*C82*/SET SCHEMA PUBLIC
DISCONNECT
/*C81*/SET SCHEMA PUBLIC
DISCONNECT
/*C80*/SET SCHEMA PUBLIC
DISCONNECT
/*C79*/SET SCHEMA PUBLIC
DISCONNECT
/*C78*/SET SCHEMA PUBLIC
DISCONNECT
/*C77*/SET SCHEMA PUBLIC
DISCONNECT
/*C2*/INSERT INTO PACJENT VALUES(0,'Jan','Kowalski','Gda\u0144sk')
COMMIT
INSERT INTO PACJENT VALUES(1,'Grzegorz','Akto','Gdynia')
COMMIT
/*C85*/SET SCHEMA PUBLIC
DISCONNECT
/*C84*/SET SCHEMA PUBLIC
DISCONNECT
/*C86*/SET SCHEMA PUBLIC
DISCONNECT
/*C87*/SET SCHEMA PUBLIC
DISCONNECT
/*C88*/SET SCHEMA PUBLIC
DISCONNECT
/*C93*/SET SCHEMA PUBLIC
DELETE FROM PACJENT WHERE ID=0 AND IMIE='Jan' AND NAZWISKO='Kowalski' AND NZOZ='Gda\u0144sk'
DELETE FROM PACJENT WHERE ID=1 AND IMIE='Grzegorz' AND NAZWISKO='Akto' AND NZOZ='Gdynia'
COMMIT
DISCONNECT
/*C89*/SET SCHEMA PUBLIC
DISCONNECT
/*C92*/SET SCHEMA PUBLIC
DISCONNECT
/*C91*/SET SCHEMA PUBLIC
DISCONNECT
/*C90*/SET SCHEMA PUBLIC
DISCONNECT
/*C94*/SET SCHEMA PUBLIC
INSERT INTO PACJENT VALUES(1,'Grzegorz','Czesc','Gdansk')
COMMIT
/*C96*/SET SCHEMA PUBLIC
DELETE FROM PACJENT WHERE ID=1 AND IMIE='Grzegorz' AND NAZWISKO='Czesc' AND NZOZ='Gdansk'
COMMIT
/*C99*/SET SCHEMA PUBLIC
INSERT INTO PACJENT VALUES(1,'Grzegorz','Czesc','Gdansk')
COMMIT
/*C101*/SET SCHEMA PUBLIC
DELETE FROM PACJENT WHERE ID=1 AND IMIE='Grzegorz' AND NAZWISKO='Czesc' AND NZOZ='Gdansk'
COMMIT
/*C105*/SET SCHEMA PUBLIC
INSERT INTO PACJENT VALUES(1,'Grzegorz','Czesc','Gdansk')
COMMIT
/*C95*/SET SCHEMA PUBLIC
DISCONNECT
/*C106*/SET SCHEMA PUBLIC
DISCONNECT
/*C105*/DISCONNECT
/*C104*/SET SCHEMA PUBLIC
DISCONNECT
/*C103*/SET SCHEMA PUBLIC
DISCONNECT
/*C102*/SET SCHEMA PUBLIC
DISCONNECT
/*C101*/DISCONNECT
/*C100*/SET SCHEMA PUBLIC
DISCONNECT
/*C99*/DISCONNECT
/*C98*/SET SCHEMA PUBLIC
DISCONNECT
/*C97*/SET SCHEMA PUBLIC
DISCONNECT
/*C96*/DISCONNECT
/*C107*/SET SCHEMA PUBLIC
DELETE FROM PACJENT WHERE ID=1 AND IMIE='Grzegorz' AND NAZWISKO='Czesc' AND NZOZ='Gdansk'
COMMIT
/*C109*/SET SCHEMA PUBLIC
INSERT INTO PACJENT VALUES(1,'Grzegorz','Czesc','Gdansk')
COMMIT
/*C2*/INSERT INTO PACJENT VALUES(2,'aaa','ccc','asd')
COMMIT
/*C111*/SET SCHEMA PUBLIC
DISCONNECT
/*C107*/DISCONNECT
/*C115*/SET SCHEMA PUBLIC
DISCONNECT
/*C108*/SET SCHEMA PUBLIC
DISCONNECT
/*C114*/SET SCHEMA PUBLIC
DISCONNECT
/*C109*/DISCONNECT
/*C113*/SET SCHEMA PUBLIC
DISCONNECT
/*C110*/SET SCHEMA PUBLIC
DISCONNECT
/*C112*/SET SCHEMA PUBLIC
DISCONNECT
/*C121*/SET SCHEMA PUBLIC
DELETE FROM PACJENT WHERE ID=1 AND IMIE='Grzegorz' AND NAZWISKO='Czesc' AND NZOZ='Gdansk'
DELETE FROM PACJENT WHERE ID=2 AND IMIE='aaa' AND NAZWISKO='ccc' AND NZOZ='asd'
COMMIT
/*C123*/SET SCHEMA PUBLIC
INSERT INTO PACJENT VALUES(1,'Grzegorz','Czesc','Gdansk')
COMMIT
/*C117*/SET SCHEMA PUBLIC
DISCONNECT
/*C116*/SET SCHEMA PUBLIC
DISCONNECT
/*C124*/SET SCHEMA PUBLIC
DISCONNECT
/*C123*/DISCONNECT
/*C118*/SET SCHEMA PUBLIC
DISCONNECT
/*C122*/SET SCHEMA PUBLIC
DISCONNECT
/*C119*/SET SCHEMA PUBLIC
DISCONNECT
/*C121*/DISCONNECT
/*C120*/SET SCHEMA PUBLIC
DISCONNECT
/*C94*/DISCONNECT
/*C128*/SET SCHEMA PUBLIC
DELETE FROM PACJENT WHERE ID=1 AND IMIE='Grzegorz' AND NAZWISKO='Czesc' AND NZOZ='Gdansk'
COMMIT
/*C134*/SET SCHEMA PUBLIC
INSERT INTO PACJENT VALUES(1,'Grzegorz','Czesc','Gdansk')
COMMIT
/*C136*/SET SCHEMA PUBLIC
DELETE FROM PACJENT WHERE ID=1 AND IMIE='Grzegorz' AND NAZWISKO='Czesc' AND NZOZ='Gdansk'
COMMIT
/*C142*/SET SCHEMA PUBLIC
INSERT INTO PACJENT VALUES(1,'Grzegorz','Czesc','Gdansk')
COMMIT
/*C144*/SET SCHEMA PUBLIC
DELETE FROM PACJENT WHERE ID=1 AND IMIE='Grzegorz' AND NAZWISKO='Czesc' AND NZOZ='Gdansk'
COMMIT
/*C150*/SET SCHEMA PUBLIC
INSERT INTO PACJENT VALUES(1,'Grzegorz','Czesc','Gdansk')
COMMIT
/*C126*/SET SCHEMA PUBLIC
DISCONNECT
/*C150*/DISCONNECT
/*C149*/SET SCHEMA PUBLIC
DISCONNECT
/*C148*/SET SCHEMA PUBLIC
DISCONNECT
/*C147*/SET SCHEMA PUBLIC
DISCONNECT
/*C146*/SET SCHEMA PUBLIC
DISCONNECT
/*C145*/SET SCHEMA PUBLIC
DISCONNECT
/*C144*/DISCONNECT
/*C143*/SET SCHEMA PUBLIC
DISCONNECT
/*C142*/DISCONNECT
/*C141*/SET SCHEMA PUBLIC
DISCONNECT
/*C140*/SET SCHEMA PUBLIC
DISCONNECT
/*C139*/SET SCHEMA PUBLIC
DISCONNECT
/*C138*/SET SCHEMA PUBLIC
DISCONNECT
/*C137*/SET SCHEMA PUBLIC
DISCONNECT
/*C136*/DISCONNECT
/*C135*/SET SCHEMA PUBLIC
DISCONNECT
/*C134*/DISCONNECT
/*C133*/SET SCHEMA PUBLIC
DISCONNECT
/*C132*/SET SCHEMA PUBLIC
DISCONNECT
/*C131*/SET SCHEMA PUBLIC
DISCONNECT
/*C130*/SET SCHEMA PUBLIC
DISCONNECT
/*C129*/SET SCHEMA PUBLIC
DISCONNECT
/*C128*/DISCONNECT
/*C127*/SET SCHEMA PUBLIC
DISCONNECT
/*C152*/SET SCHEMA PUBLIC
DELETE FROM PACJENT WHERE ID=1 AND IMIE='Grzegorz' AND NAZWISKO='Czesc' AND NZOZ='Gdansk'
COMMIT
/*C158*/SET SCHEMA PUBLIC
INSERT INTO PACJENT VALUES(1,'Grzegorz','Czesc','Gdansk')
COMMIT
/*C161*/SET SCHEMA PUBLIC
DELETE FROM PACJENT WHERE ID=1 AND IMIE='Grzegorz' AND NAZWISKO='Czesc' AND NZOZ='Gdansk'
COMMIT
/*C166*/SET SCHEMA PUBLIC
INSERT INTO PACJENT VALUES(1,'Grzegorz','Czesc','Gdansk')
COMMIT
/*C169*/SET SCHEMA PUBLIC
DELETE FROM PACJENT WHERE ID=1 AND IMIE='Grzegorz' AND NAZWISKO='Czesc' AND NZOZ='Gdansk'
COMMIT
/*C152*/DISCONNECT
/*C173*/SET SCHEMA PUBLIC
DISCONNECT
/*C172*/SET SCHEMA PUBLIC
DISCONNECT
/*C171*/SET SCHEMA PUBLIC
DISCONNECT
/*C170*/SET SCHEMA PUBLIC
DISCONNECT
/*C169*/DISCONNECT
/*C168*/SET SCHEMA PUBLIC
DISCONNECT
/*C167*/SET SCHEMA PUBLIC
DISCONNECT
/*C166*/DISCONNECT
/*C165*/SET SCHEMA PUBLIC
DISCONNECT
/*C164*/SET SCHEMA PUBLIC
DISCONNECT
/*C163*/SET SCHEMA PUBLIC
DISCONNECT
/*C162*/SET SCHEMA PUBLIC
DISCONNECT
/*C161*/DISCONNECT
/*C160*/SET SCHEMA PUBLIC
DISCONNECT
/*C159*/SET SCHEMA PUBLIC
DISCONNECT
/*C158*/DISCONNECT
/*C157*/SET SCHEMA PUBLIC
DISCONNECT
/*C156*/SET SCHEMA PUBLIC
DISCONNECT
/*C155*/SET SCHEMA PUBLIC
DISCONNECT
/*C154*/SET SCHEMA PUBLIC
DISCONNECT
/*C153*/SET SCHEMA PUBLIC
DISCONNECT
/*C174*/SET SCHEMA PUBLIC
INSERT INTO PACJENT VALUES(1,'Grzegorz','Czesc','Gdansk')
COMMIT
/*C176*/SET SCHEMA PUBLIC
INSERT INTO LEKI VALUES(1,'nazwa','producent',10.3E0,1)
COMMIT
/*C177*/SET SCHEMA PUBLIC
INSERT INTO LEKI VALUES(1,'nazwa','producent',10.3E0,1)
COMMIT
/*C179*/SET SCHEMA PUBLIC
INSERT INTO LEKI VALUES(1,'nazwa','producent',10.3E0,1)
COMMIT
/*C183*/SET SCHEMA PUBLIC
DISCONNECT
/*C174*/DISCONNECT
/*C175*/SET SCHEMA PUBLIC
DISCONNECT
/*C176*/DISCONNECT
/*C177*/DISCONNECT
/*C178*/SET SCHEMA PUBLIC
DISCONNECT
/*C179*/DISCONNECT
/*C180*/SET SCHEMA PUBLIC
DISCONNECT
/*C181*/SET SCHEMA PUBLIC
DISCONNECT
/*C182*/SET SCHEMA PUBLIC
DISCONNECT
/*C151*/SET SCHEMA PUBLIC
DISCONNECT
/*C125*/SET SCHEMA PUBLIC
DISCONNECT
/*C190*/SET SCHEMA PUBLIC
DELETE FROM PACJENT WHERE ID=1 AND IMIE='Grzegorz' AND NAZWISKO='Czesc' AND NZOZ='Gdansk'
COMMIT
/*C184*/SET SCHEMA PUBLIC
DISCONNECT
/*C191*/SET SCHEMA PUBLIC
DISCONNECT
/*C190*/DISCONNECT
/*C189*/SET SCHEMA PUBLIC
DISCONNECT
/*C188*/SET SCHEMA PUBLIC
DISCONNECT
/*C187*/SET SCHEMA PUBLIC
DISCONNECT
/*C186*/SET SCHEMA PUBLIC
DISCONNECT
/*C185*/SET SCHEMA PUBLIC
DISCONNECT
/*C192*/SET SCHEMA PUBLIC
INSERT INTO PACJENT VALUES(1,'Grzegorz','Czesc','Gdansk')
COMMIT
/*C193*/SET SCHEMA PUBLIC
DISCONNECT
/*C192*/DISCONNECT
